2023-12-24 10:35:13,107 [INFO] Activator:176 - 


2023-12-24 10:35:13,108 [INFO] Activator:177 - !SESSION log4j initialized
2023-12-24 10:35:15,281 [INFO] LogOutputStream:77 - [STDOUT_REDIRECT] 
2023-12-24 10:35:17,236 [INFO] ApplicationProperties:184 - Using Application install path: /opt/stm32cubeide/plugins/com.st.stm32cube.common.mx_6.10.0.202311202037
2023-12-24 10:35:17,244 [INFO] DbMcusXml:78 - Set database path to: /opt/stm32cubeide/plugins/com.st.stm32cube.common.mx_6.10.0.202311202037//db//mcu/
2023-12-24 10:35:17,244 [INFO] ApiDb:274 - Set plugin database path to: /opt/stm32cubeide/plugins/com.st.stm32cube.common.mx_6.10.0.202311202037//db//plugins/boardmanager/
2023-12-24 10:35:17,244 [WARN] ApiDb:259 - Overriding images path with different value:  => /opt/stm32cubeide/plugins/com.st.stm32cube.common.mx_6.10.0.202311202037//db//plugins/mcufinder/images/
2023-12-24 10:35:17,246 [INFO] ApiDb:250 - Set database path to: /home/hussein/.stmcufinder/plugins/mcufinder//mcu/
2023-12-24 10:35:17,246 [INFO] DbMcusAds:125 - Set database path to: /home/hussein/.stmcufinder/plugins/mcufinder//mcu/
2023-12-24 10:35:18,248 [INFO] CrossReferenceDbSqlite:203 - Set database path to: /home/hussein/.stmcufinder/plugins/mcufinder//mcu/cs/
2023-12-24 10:35:18,300 [INFO] RulesReader:64 - Compatibility file has been processed (297 Rules)
2023-12-24 10:35:18,345 [INFO] DbMcusXml:78 - Set database path to: /opt/stm32cubeide/plugins/com.st.stm32cube.common.mx_6.10.0.202311202037//db//mcu/
2023-12-24 10:35:18,345 [INFO] ApiDb:274 - Set plugin database path to: /opt/stm32cubeide/plugins/com.st.stm32cube.common.mx_6.10.0.202311202037//db//plugins/boardmanager/
2023-12-24 10:35:18,345 [INFO] ApiDb:261 - Set plugin images path to: /opt/stm32cubeide/plugins/com.st.stm32cube.common.mx_6.10.0.202311202037//db//plugins/mcufinder/images/
2023-12-24 10:35:18,346 [WARN] DbFile:41 - Overriding database path with different value: /home/hussein/.stmcufinder/plugins/mcufinder/ => /home/hussein/.stmcufinder/plugins/mcufinder
2023-12-24 10:35:18,346 [INFO] ApiDb:250 - Set database path to: /home/hussein/.stmcufinder/plugins/mcufinder//mcu/
2023-12-24 10:35:18,346 [WARN] DbFile:41 - Overriding database path with different value: /home/hussein/.stmcufinder/plugins/mcufinder/ => /home/hussein/.stmcufinder/plugins/mcufinder
2023-12-24 10:35:18,346 [INFO] DbMcusAds:125 - Set database path to: /home/hussein/.stmcufinder/plugins/mcufinder//mcu/
2023-12-24 10:35:18,346 [WARN] DbFile:41 - Overriding database path with different value: /home/hussein/.stmcufinder/plugins/mcufinder/ => /home/hussein/.stmcufinder/plugins/mcufinder
2023-12-24 10:35:18,346 [WARN] DbFile:41 - Overriding database path with different value: /home/hussein/.stmcufinder/plugins/mcufinder/ => /home/hussein/.stmcufinder/plugins/mcufinder
2023-12-24 10:35:19,347 [INFO] CrossReferenceDbSqlite:203 - Set database path to: /home/hussein/.stmcufinder/plugins/mcufinder//mcu/cs/
2023-12-24 10:35:19,377 [INFO] MainPanel:264 - HeapMemory: 268435456
2023-12-24 10:35:19,417 [INFO] DbMcusXml:78 - Set database path to: /opt/stm32cubeide/plugins/com.st.stm32cube.common.mx_6.10.0.202311202037//db//mcu/
2023-12-24 10:35:19,417 [INFO] ApiDb:274 - Set plugin database path to: /opt/stm32cubeide/plugins/com.st.stm32cube.common.mx_6.10.0.202311202037//db//plugins/boardmanager/
2023-12-24 10:35:19,417 [INFO] ApiDb:261 - Set plugin images path to: /opt/stm32cubeide/plugins/com.st.stm32cube.common.mx_6.10.0.202311202037//db//plugins/mcufinder/images/
2023-12-24 10:35:19,417 [WARN] DbFile:41 - Overriding database path with different value: /home/hussein/.stmcufinder/plugins/mcufinder/ => /home/hussein/.stmcufinder/plugins/mcufinder
2023-12-24 10:35:19,417 [INFO] ApiDb:250 - Set database path to: /home/hussein/.stmcufinder/plugins/mcufinder//mcu/
2023-12-24 10:35:19,417 [WARN] DbFile:41 - Overriding database path with different value: /home/hussein/.stmcufinder/plugins/mcufinder/ => /home/hussein/.stmcufinder/plugins/mcufinder
2023-12-24 10:35:19,417 [INFO] DbMcusAds:125 - Set database path to: /home/hussein/.stmcufinder/plugins/mcufinder//mcu/
2023-12-24 10:35:19,417 [WARN] DbFile:41 - Overriding database path with different value: /home/hussein/.stmcufinder/plugins/mcufinder/ => /home/hussein/.stmcufinder/plugins/mcufinder
2023-12-24 10:35:19,418 [WARN] DbFile:41 - Overriding database path with different value: /home/hussein/.stmcufinder/plugins/mcufinder/ => /home/hussein/.stmcufinder/plugins/mcufinder
2023-12-24 10:35:20,419 [INFO] CrossReferenceDbSqlite:203 - Set database path to: /home/hussein/.stmcufinder/plugins/mcufinder//mcu/cs/
2023-12-24 10:35:20,427 [INFO] ApplicationProperties:184 - Using Application install path: /opt/stm32cubeide/plugins/com.st.stm32cube.common.mx_6.10.0.202311202037
2023-12-24 10:35:20,428 [INFO] PluginManage:196 - Search for loadable plugins [exclusion list=, ]
2023-12-24 10:35:20,428 [INFO] PluginManage:310 - Check plugin analytics
2023-12-24 10:35:21,496 [INFO] AnalyticsPlugin:253 - Accepted Software Licenses: 
2023-12-24 10:35:21,496 [INFO] AnalyticsPlugin:255 - Accepted CMSIS Pack Licenses: STMicroelectronics.X-CUBE-ALGOBUILD.1.3.0
2023-12-24 10:35:21,496 [INFO] AnalyticsPlugin:257 - Accepted Firmware Licenses: FW.F4.1.27.0,FW.F4.1.28.0
2023-12-24 10:35:21,497 [INFO] PluginManage:359 - Loaded plugin analytics (category:tool,tabindex:-1)
2023-12-24 10:35:21,498 [INFO] PluginManage:310 - Check plugin cadmodel
2023-12-24 10:35:21,509 [INFO] CADModel:105 - Init CAD model plugin
2023-12-24 10:35:21,509 [INFO] PluginManage:359 - Loaded plugin cadmodel (category:power,tabindex:5)
2023-12-24 10:35:21,509 [INFO] PluginManage:310 - Check plugin clock
2023-12-24 10:35:21,513 [INFO] PluginManage:359 - Loaded plugin clock (category:base,tabindex:2)
2023-12-24 10:35:21,513 [INFO] PluginManage:310 - Check plugin ddr
2023-12-24 10:35:21,514 [INFO] PluginManage:359 - Loaded plugin ddr (category:tool,tabindex:6)
2023-12-24 10:35:21,514 [INFO] PluginManage:310 - Check plugin filemanager
2023-12-24 10:35:21,586 [INFO] PluginManage:359 - Loaded plugin filemanager (category:base,tabindex:10)
2023-12-24 10:35:21,586 [INFO] PluginManage:310 - Check plugin ipmanager
2023-12-24 10:35:21,589 [INFO] PluginManage:359 - Loaded plugin ipmanager (category:base,tabindex:5)
2023-12-24 10:35:21,597 [INFO] PluginManage:310 - Check plugin lpbam
2023-12-24 10:35:21,601 [INFO] PluginManage:359 - Loaded plugin lpbam (category:base,tabindex:0)
2023-12-24 10:35:21,602 [INFO] PluginManage:310 - Check plugin memorymap
2023-12-24 10:35:21,607 [INFO] PluginManage:359 - Loaded plugin memorymap (category:base,tabindex:4)
2023-12-24 10:35:21,607 [INFO] PluginManage:310 - Check plugin pinoutandconfiguration
2023-12-24 10:35:21,610 [INFO] PluginManage:359 - Loaded plugin pinoutandconfiguration (category:base,tabindex:1)
2023-12-24 10:35:21,610 [INFO] PluginManage:310 - Check plugin pinoutconfig
2023-12-24 10:35:21,651 [WARN] SupportedApi:132 - Cannot load RTOS API schema: s4s-elt-must-match.1: The content of 'definitions' must match (annotation?, (simpleType | complexType)?, (unique | key | keyref)*)). A problem was found starting at: attribute.
2023-12-24 10:35:21,746 [INFO] PluginManage:359 - Loaded plugin pinoutconfig (category:base,tabindex:0)
2023-12-24 10:35:21,746 [INFO] PluginManage:310 - Check plugin power
2023-12-24 10:35:21,751 [INFO] PluginManage:359 - Loaded plugin power (category:power,tabindex:4)
2023-12-24 10:35:21,752 [INFO] PluginManage:310 - Check plugin projectmanager
2023-12-24 10:35:21,764 [INFO] PluginManage:359 - Loaded plugin projectmanager (category:projectmanager,tabindex:3)
2023-12-24 10:35:21,764 [INFO] PluginManage:310 - Check plugin thirdparty
2023-12-24 10:35:21,846 [INFO] PluginManage:359 - Loaded plugin thirdparty (category:base,tabindex:-1)
2023-12-24 10:35:21,846 [WARN] IntegrityCheckThread:84 - waiting for thirdparty lock release [integrity check]
2023-12-24 10:35:21,846 [INFO] PluginManage:310 - Check plugin tools
2023-12-24 10:35:21,846 [INFO] IntegrityCheckThread:86 - entering critical section [integrity check]
2023-12-24 10:35:21,847 [INFO] ThirdPartyUpdaterWithRetryManager:70 - Updater plugin not ready yet. [1/15]
2023-12-24 10:35:21,848 [INFO] PluginManage:359 - Loaded plugin tools (category:base,tabindex:7)
2023-12-24 10:35:21,848 [INFO] PluginManage:310 - Check plugin tutovideos
2023-12-24 10:35:21,954 [INFO] PluginManage:359 - Loaded plugin tutovideos (category:base,tabindex:-1)
2023-12-24 10:35:21,954 [INFO] PluginManage:310 - Check plugin updater
2023-12-24 10:35:21,960 [INFO] PluginManage:359 - Loaded plugin updater (category:base,tabindex:12)
2023-12-24 10:35:21,960 [INFO] PluginManage:310 - Check plugin userauth
2023-12-24 10:35:21,964 [INFO] UserAuth:114 - Init User Auth plugin
2023-12-24 10:35:21,964 [INFO] PluginManage:359 - Loaded plugin userauth (category:base,tabindex:14)
2023-12-24 10:35:21,964 [INFO] PluginManage:283 - PluginManage : Loaded plugins [17]
2023-12-24 10:35:22,086 [INFO] PinOutPanel:1499 - setPackage(No Configuration,No Configuration)
2023-12-24 10:35:22,124 [INFO] CADModel:165 - CPN selected for project level
2023-12-24 10:35:22,124 [INFO] CADModel:114 - Register for checkConnection events
2023-12-24 10:35:22,132 [INFO] IPUIPlugin:80 - create IPUIPlugin
2023-12-24 10:35:22,133 [INFO] PluginManager:220 - loadIPPluginJar : add fmc
2023-12-24 10:35:22,134 [INFO] IPUIPlugin:80 - create IPUIPlugin
2023-12-24 10:35:22,134 [INFO] PluginManager:220 - loadIPPluginJar : add dma3
2023-12-24 10:35:22,135 [INFO] IPUIPlugin:80 - create IPUIPlugin
2023-12-24 10:35:22,136 [INFO] PluginManager:220 - loadIPPluginJar : add usart
2023-12-24 10:35:22,137 [INFO] IPUIPlugin:80 - create IPUIPlugin
2023-12-24 10:35:22,137 [INFO] PluginManager:220 - loadIPPluginJar : add dfsdm
2023-12-24 10:35:22,138 [INFO] IPUIPlugin:80 - create IPUIPlugin
2023-12-24 10:35:22,138 [INFO] PluginManager:220 - loadIPPluginJar : add tsc
2023-12-24 10:35:22,139 [INFO] IPUIPlugin:80 - create IPUIPlugin
2023-12-24 10:35:22,139 [INFO] PluginManager:220 - loadIPPluginJar : add ucpd
2023-12-24 10:35:22,142 [INFO] IPUIPlugin:80 - create IPUIPlugin
2023-12-24 10:35:22,142 [INFO] PluginManager:220 - loadIPPluginJar : add dma
2023-12-24 10:35:22,143 [INFO] IPUIPlugin:80 - create IPUIPlugin
2023-12-24 10:35:22,143 [INFO] PluginManager:220 - loadIPPluginJar : add spi
2023-12-24 10:35:22,144 [INFO] IPUIPlugin:80 - create IPUIPlugin
2023-12-24 10:35:22,144 [INFO] PluginManager:220 - loadIPPluginJar : add ltdc
2023-12-24 10:35:22,148 [INFO] IPUIPlugin:80 - create IPUIPlugin
2023-12-24 10:35:22,148 [INFO] PluginManager:220 - loadIPPluginJar : add linkedlist
2023-12-24 10:35:22,150 [INFO] IPUIPlugin:80 - create IPUIPlugin
2023-12-24 10:35:22,150 [INFO] PluginManager:220 - loadIPPluginJar : add pdm2pcm
2023-12-24 10:35:22,153 [INFO] IPUIPlugin:80 - create IPUIPlugin
2023-12-24 10:35:22,153 [INFO] PluginManager:220 - loadIPPluginJar : add stm32_wpan
2023-12-24 10:35:22,154 [INFO] IPUIPlugin:80 - create IPUIPlugin
2023-12-24 10:35:22,154 [INFO] PluginManager:220 - loadIPPluginJar : add resmgrutility
2023-12-24 10:35:22,156 [INFO] IPUIPlugin:80 - create IPUIPlugin
2023-12-24 10:35:22,156 [INFO] PluginManager:220 - loadIPPluginJar : add i2c
2023-12-24 10:35:22,157 [INFO] IPUIPlugin:80 - create IPUIPlugin
2023-12-24 10:35:22,158 [INFO] PluginManager:220 - loadIPPluginJar : add gpio
2023-12-24 10:35:22,159 [INFO] IPUIPlugin:80 - create IPUIPlugin
2023-12-24 10:35:22,159 [INFO] PluginManager:220 - loadIPPluginJar : add nvic
2023-12-24 10:35:22,161 [INFO] IPUIPlugin:80 - create IPUIPlugin
2023-12-24 10:35:22,161 [INFO] PluginManager:220 - loadIPPluginJar : add sai
2023-12-24 10:35:22,162 [INFO] IPUIPlugin:80 - create IPUIPlugin
2023-12-24 10:35:22,162 [INFO] PluginManager:220 - loadIPPluginJar : add touchsensing
2023-12-24 10:35:22,163 [INFO] IPUIPlugin:80 - create IPUIPlugin
2023-12-24 10:35:22,163 [INFO] PluginManager:220 - loadIPPluginJar : add usbx
2023-12-24 10:35:22,164 [INFO] IPUIPlugin:80 - create IPUIPlugin
2023-12-24 10:35:22,164 [INFO] PluginManager:220 - loadIPPluginJar : add aes
2023-12-24 10:35:22,165 [INFO] IPUIPlugin:80 - create IPUIPlugin
2023-12-24 10:35:22,165 [INFO] PluginManager:220 - loadIPPluginJar : add tim
2023-12-24 10:35:22,166 [INFO] IPUIPlugin:80 - create IPUIPlugin
2023-12-24 10:35:22,167 [INFO] PluginManager:220 - loadIPPluginJar : add lorawan
2023-12-24 10:35:22,170 [INFO] IPUIPlugin:80 - create IPUIPlugin
2023-12-24 10:35:22,171 [INFO] PluginManager:220 - loadIPPluginJar : add plateformsettings
2023-12-24 10:35:22,172 [INFO] IPUIPlugin:80 - create IPUIPlugin
2023-12-24 10:35:22,172 [INFO] PluginManager:220 - loadIPPluginJar : add ts
2023-12-24 10:35:22,174 [INFO] IPUIPlugin:80 - create IPUIPlugin
2023-12-24 10:35:22,174 [INFO] PluginManager:220 - loadIPPluginJar : add ipddr
2023-12-24 10:35:22,175 [INFO] IPUIPlugin:80 - create IPUIPlugin
2023-12-24 10:35:22,175 [INFO] PluginManager:220 - loadIPPluginJar : add i2s
2023-12-24 10:35:22,176 [INFO] IPUIPlugin:80 - create IPUIPlugin
2023-12-24 10:35:22,176 [INFO] PluginManager:220 - loadIPPluginJar : add gfxmmu
2023-12-24 10:35:22,177 [INFO] IPUIPlugin:80 - create IPUIPlugin
2023-12-24 10:35:22,177 [INFO] PluginManager:220 - loadIPPluginJar : add hash
2023-12-24 10:35:22,178 [INFO] IPUIPlugin:80 - create IPUIPlugin
2023-12-24 10:35:22,178 [INFO] PluginManager:220 - loadIPPluginJar : add cryp
2023-12-24 10:35:22,180 [INFO] IPUIPlugin:80 - create IPUIPlugin
2023-12-24 10:35:22,180 [INFO] PluginManager:220 - loadIPPluginJar : add i3c
2023-12-24 10:35:22,181 [INFO] IPUIPlugin:80 - create IPUIPlugin
2023-12-24 10:35:22,181 [INFO] PluginManager:220 - loadIPPluginJar : add gtzc
2023-12-24 10:35:22,184 [INFO] IPUIPlugin:80 - create IPUIPlugin
2023-12-24 10:35:22,184 [INFO] PluginManager:220 - loadIPPluginJar : add freertos
2023-12-24 10:35:22,185 [INFO] IPUIPlugin:80 - create IPUIPlugin
2023-12-24 10:35:22,185 [INFO] PluginManager:220 - loadIPPluginJar : add tracer_emb
2023-12-24 10:35:22,185 [INFO] IPUIPlugin:80 - create IPUIPlugin
2023-12-24 10:35:22,186 [INFO] PluginManager:220 - loadIPPluginJar : add fatfs
2023-12-24 10:35:22,186 [INFO] IPUIPlugin:80 - create IPUIPlugin
2023-12-24 10:35:22,186 [INFO] PluginManager:220 - loadIPPluginJar : add comp
2023-12-24 10:35:22,189 [INFO] IPUIPlugin:80 - create IPUIPlugin
2023-12-24 10:35:22,189 [INFO] PluginManager:220 - loadIPPluginJar : add gic
2023-12-24 10:35:22,190 [INFO] IPUIPlugin:80 - create IPUIPlugin
2023-12-24 10:35:22,190 [INFO] PluginManager:220 - loadIPPluginJar : add genericplugin
2023-12-24 10:35:22,191 [INFO] IPUIPlugin:80 - create IPUIPlugin
2023-12-24 10:35:22,191 [INFO] PluginManager:220 - loadIPPluginJar : add openamp
2023-12-24 10:35:22,192 [INFO] IPUIPlugin:80 - create IPUIPlugin
2023-12-24 10:35:22,192 [INFO] PluginManager:220 - loadIPPluginJar : add quadspi
2023-12-24 10:35:22,193 [INFO] IPUIPlugin:80 - create IPUIPlugin
2023-12-24 10:35:22,193 [INFO] PluginManager:220 - loadIPPluginJar : add can
2023-12-24 10:35:22,194 [INFO] IPUIPlugin:80 - create IPUIPlugin
2023-12-24 10:35:22,194 [INFO] PluginManager:220 - loadIPPluginJar : add opamp
2023-12-24 10:35:22,197 [INFO] IPUIPlugin:80 - create IPUIPlugin
2023-12-24 10:35:22,198 [INFO] PluginManager:220 - loadIPPluginJar : add adc
2023-12-24 10:35:22,201 [INFO] IPUIPlugin:80 - create IPUIPlugin
2023-12-24 10:35:22,201 [INFO] PluginManager:220 - loadIPPluginJar : add mdma
2023-12-24 10:35:22,296 [INFO] CADModel:165 - CPN selected for project level
2023-12-24 10:35:22,296 [INFO] CADModel:114 - Register for checkConnection events
2023-12-24 10:35:22,296 [FATAL] Updater:308 - Updater called before beeing initialized
2023-12-24 10:35:22,297 [ERROR] CADModel:125 - Updater not yet initialized, retry later 
2023-12-24 10:35:22,379 [INFO] CADModel:165 - CPN selected for project level
2023-12-24 10:35:22,379 [INFO] CADModel:114 - Register for checkConnection events
2023-12-24 10:35:22,379 [FATAL] Updater:308 - Updater called before beeing initialized
2023-12-24 10:35:22,379 [ERROR] CADModel:125 - Updater not yet initialized, retry later 
2023-12-24 10:35:22,381 [FATAL] Updater:308 - Updater called before beeing initialized
2023-12-24 10:35:22,435 [FATAL] Updater:308 - Updater called before beeing initialized
2023-12-24 10:35:22,437 [INFO] DbMcusAds:53 - JSON generation date=Wed Nov 29 11:52:27 CET 2023 (1701255147349)
2023-12-24 10:35:22,438 [FATAL] Updater:308 - Updater called before beeing initialized
2023-12-24 10:35:22,462 [WARN] DetailPanel:346 - Failed to get advertising image, set to default
2023-12-24 10:35:22,533 [FATAL] Updater:308 - Updater called before beeing initialized
2023-12-24 10:35:22,535 [FATAL] Updater:308 - Updater called before beeing initialized
2023-12-24 10:35:22,535 [FATAL] Updater:308 - Updater called before beeing initialized
2023-12-24 10:35:22,535 [WARN] DetailPanel:346 - Failed to get advertising image, set to default
2023-12-24 10:35:22,535 [FATAL] Updater:308 - Updater called before beeing initialized
2023-12-24 10:35:22,558 [ERROR] Updater:1120 - MainUpdater not yet initialized. External WinMGr cannot be set.
2023-12-24 10:35:22,559 [INFO] Updater:1056 - Updater Version found : 6.10.0
2023-12-24 10:35:22,569 [INFO] ApplicationProperties:184 - Using Application install path: /opt/stm32cubeide/plugins/com.st.stm32cube.common.mx_6.10.0.202311202037
2023-12-24 10:35:22,577 [ERROR] LogOutputStream:75 - [STDERR_REDIRECT] Dec 24, 2023 10:35:22 AM java.util.prefs.FileSystemPreferences$2 run
2023-12-24 10:35:22,578 [ERROR] LogOutputStream:75 - [STDERR_REDIRECT] WARNING: Could not create system preferences directory. System preferences are unusable.
2023-12-24 10:35:22,578 [ERROR] LogOutputStream:75 - [STDERR_REDIRECT] 
2023-12-24 10:35:22,806 [INFO] MainUpdater:2873 - connection check result : 10
2023-12-24 10:35:22,807 [INFO] MainUpdater:290 - Updater Check For Update Now.
2023-12-24 10:35:22,807 [INFO] MicroXplorer:498 - Change Database Version : DB.6.0.100
2023-12-24 10:35:22,811 [INFO] McuFinderGlobals:63 - Set McuFinder mode to 2 (CubeIDE integrated)
2023-12-24 10:35:22,965 [INFO] CheckServerUpdateThread:120 - End of CheckServer Thread
2023-12-24 10:35:23,052 [INFO] UserAuth:404 - Internet connection configuration mode: 1
2023-12-24 10:35:23,069 [INFO] JxBrowserEngine:152 - Initiate JxBrowser Engine with user profile folder
2023-12-24 10:35:23,465 [INFO] WebApp:161 - Instantiating new browser for Auth
2023-12-24 10:35:24,163 [INFO] WebApp:780 - Register for checkConnection events
2023-12-24 10:35:24,163 [INFO] WebApp:414 - Apply proxy settings
2023-12-24 10:35:24,163 [INFO] WebApp:499 - Chromium requires no authentication
2023-12-24 10:35:24,168 [INFO] WebApp:442 - Direct internet connection detected
2023-12-24 10:35:24,249 [INFO] WebApp:192 - Starting web application
2023-12-24 10:35:24,249 [INFO] WebApp:544 - Web application path used /opt/stm32cubeide/plugins/com.st.stm32cube.common.mx_6.10.0.202311202037/db/plugins/mcufinder/reactClient1/index.html
2023-12-24 10:35:24,914 [WARN] PackLoader:240 - Cannot read IP mode file for STMicroelectronics.X-CUBE-SMBUS.2.1.0
2023-12-24 10:35:24,919 [WARN] PackLoader:240 - Cannot read IP mode file for STMicroelectronics.X-CUBE-TOUCHGFX.4.23.0
2023-12-24 10:35:24,940 [WARN] PackLoader:240 - Cannot read IP mode file for STMicroelectronics.X-CUBE-AZRTOS-F7.1.1.0
2023-12-24 10:35:24,947 [ERROR] RealEvaluatedCondition:428 - Found unsupported composite condition: CLASS='Data Exchange' GROUP='STM32_MetaDataManager'
2023-12-24 10:35:24,947 [ERROR] RealEvaluatedCondition:428 - Found unsupported composite condition: GROUP='STM32_MetaDataManager' CLASS='Data Exchange'
2023-12-24 10:35:24,950 [WARN] PackLoader:240 - Cannot read IP mode file for STMicroelectronics.FP-SNS-MOTENV1.4.3.0
2023-12-24 10:35:24,958 [WARN] PackLoader:240 - Cannot read IP mode file for STMicroelectronics.FP-SNS-MOTENV1.4.3.2
2023-12-24 10:35:24,963 [WARN] PackLoader:240 - Cannot read IP mode file for STMicroelectronics.FP-SNS-FLIGHT1.5.0.0
2023-12-24 10:35:24,967 [ERROR] RealEvaluatedCondition:428 - Found unsupported composite condition: CLASS='Data Exchange' GROUP='STM32_MetaDataManager'
2023-12-24 10:35:24,967 [ERROR] RealEvaluatedCondition:428 - Found unsupported composite condition: CLASS='Data Exchange' GROUP='STM32_MetaDataManager'
2023-12-24 10:35:24,969 [WARN] PackLoader:240 - Cannot read IP mode file for STMicroelectronics.FP-SNS-MOTENV1.4.3.1
2023-12-24 10:35:24,973 [WARN] PackLoader:240 - Cannot read IP mode file for STMicroelectronics.FP-SNS-FLIGHT1.5.0.1
2023-12-24 10:35:24,977 [WARN] PackLoader:240 - Cannot read IP mode file for STMicroelectronics.X-CUBE-BLE1.6.2.4
2023-12-24 10:35:24,981 [WARN] PackLoader:240 - Cannot read IP mode file for STMicroelectronics.FP-SNS-FLIGHT1.5.0.2
2023-12-24 10:35:24,994 [WARN] PackLoader:240 - Cannot read IP mode file for STMicroelectronics.X-CUBE-DISPLAY.3.0.0
2023-12-24 10:35:25,005 [WARN] PackLoader:240 - Cannot read IP mode file for STMicroelectronics.X-CUBE-BLE1.7.0.0
2023-12-24 10:35:25,008 [WARN] PackLoader:240 - Cannot read IP mode file for STMicroelectronics.X-CUBE-TOUCHGFX.4.22.0
2023-12-24 10:35:25,018 [WARN] PackLoader:240 - Cannot read IP mode file for STMicroelectronics.X-CUBE-TOUCHGFX.4.22.1
2023-12-24 10:35:25,022 [WARN] PackLoader:240 - Cannot read IP mode file for STMicroelectronics.FP-SNS-SMARTAG2.1.2.0
2023-12-24 10:35:25,035 [INFO] LogOutputStream:77 - [STDOUT_REDIRECT] 1 : Invalid condition id : UX_CORESTACK_Condition cause : null
2023-12-24 10:35:25,036 [INFO] LogOutputStream:77 - [STDOUT_REDIRECT] 1 : Invalid condition id : UX_CORESTACK_Condition cause : null
2023-12-24 10:35:25,036 [INFO] LogOutputStream:77 - [STDOUT_REDIRECT] 1 : Invalid condition id : UX_CORESTACK_Condition cause : null
2023-12-24 10:35:25,036 [INFO] LogOutputStream:77 - [STDOUT_REDIRECT] 1 : Invalid condition id : UX_CORESTACK_Condition cause : null
2023-12-24 10:35:25,036 [INFO] LogOutputStream:77 - [STDOUT_REDIRECT] 1 : Invalid condition id : UX_CORESTACK_Condition cause : null
2023-12-24 10:35:25,039 [WARN] PackLoader:240 - Cannot read IP mode file for STMicroelectronics.X-CUBE-AZRTOS-WL.2.0.0
2023-12-24 10:35:25,047 [WARN] PackLoader:240 - Cannot read IP mode file for WES.I-CUBE-Cesium.1.3.0
2023-12-24 10:35:25,051 [WARN] PackLoader:240 - Cannot read IP mode file for STMicroelectronics.X-CUBE-BLE2.3.3.0
2023-12-24 10:35:25,054 [WARN] PackLoader:240 - Cannot read IP mode file for STMicroelectronics.X-CUBE-TOUCHGFX.4.21.3
2023-12-24 10:35:25,056 [WARN] PackLoader:240 - Cannot read IP mode file for STMicroelectronics.X-CUBE-TOUCHGFX.4.21.4
2023-12-24 10:35:25,061 [WARN] PackLoader:240 - Cannot read IP mode file for STMicroelectronics.X-CUBE-ALGOBUILD.1.3.0
2023-12-24 10:35:25,133 [WARN] PackLoader:240 - Cannot read IP mode file for STMicroelectronics.X-CUBE-AZRTOS-G0.1.1.0
2023-12-24 10:35:25,139 [WARN] PackLoader:240 - Cannot read IP mode file for STMicroelectronics.X-CUBE-NFC4.3.0.0
2023-12-24 10:35:25,147 [WARN] PackLoader:240 - Cannot read IP mode file for STMicroelectronics.X-CUBE-BLEMGR.3.0.0
2023-12-24 10:35:25,152 [WARN] PackLoader:240 - Cannot read IP mode file for STMicroelectronics.FP-ATR-SIGFOX1.3.2.0
2023-12-24 10:35:25,178 [WARN] PackLoader:240 - Cannot read IP mode file for SEGGER.I-CUBE-embOS.1.3.1
2023-12-24 10:35:25,210 [WARN] PackLoader:240 - Cannot read IP mode file for STMicroelectronics.X-CUBE-GNSS1.6.0.0
2023-12-24 10:35:25,223 [WARN] PackLoader:240 - Cannot read IP mode file for STMicroelectronics.X-CUBE-AZRTOS-F4.1.1.0
2023-12-24 10:35:25,231 [WARN] PackLoader:240 - Cannot read IP mode file for wolfSSL.I-CUBE-wolfSSL.5.6.0
2023-12-24 10:35:25,247 [WARN] PackLoader:240 - Cannot read IP mode file for STMicroelectronics.X-CUBE-AZRTOS-L5.2.0.0
2023-12-24 10:35:25,277 [WARN] PackLoader:240 - Cannot read IP mode file for STMicroelectronics.X-CUBE-MEMS1.9.6.0
2023-12-24 10:35:25,357 [WARN] PackLoader:240 - Cannot read IP mode file for STMicroelectronics.X-CUBE-EEPRMA1.4.2.0
2023-12-24 10:35:25,360 [WARN] PackLoader:240 - Cannot read IP mode file for ITTIA_DB.I-CUBE-ITTIADB.8.8.0
2023-12-24 10:35:25,363 [WARN] PackLoader:240 - Cannot read IP mode file for emotas.I-CUBE-CANOPEN.1.1.3
2023-12-24 10:35:25,368 [WARN] PackLoader:240 - Cannot read IP mode file for STMicroelectronics.X-CUBE-BLEMGR.2.0.0
2023-12-24 10:35:25,379 [WARN] ConditionMgr:438 - getConditionDescription Invalid condition id : UX DEVICE CLASS RTOS Condition cause : null
2023-12-24 10:35:25,380 [WARN] ConditionMgr:438 - getConditionDescription Invalid condition id : UX DEVICE CLASS RTOS Condition cause : null
2023-12-24 10:35:25,382 [WARN] PackLoader:240 - Cannot read IP mode file for STMicroelectronics.X-CUBE-AZRTOS-H7.3.1.0
2023-12-24 10:35:25,384 [WARN] ConditionMgr:1039 - genDependencies : Invalid condition id : UX DEVICE CLASS RTOS Condition cause : null
2023-12-24 10:35:25,384 [WARN] ConditionMgr:1039 - genDependencies : Invalid condition id : UX DEVICE CLASS RTOS Condition cause : null
2023-12-24 10:35:25,385 [WARN] ConditionMgr:1039 - genDependencies : Invalid condition id : UX DEVICE CLASS RTOS Condition cause : null
2023-12-24 10:35:25,385 [WARN] ConditionMgr:1039 - genDependencies : Invalid condition id : UX DEVICE CLASS RTOS Condition cause : null
2023-12-24 10:35:25,385 [WARN] ConditionMgr:1039 - genDependencies : Invalid condition id : UX DEVICE CLASS RTOS Condition cause : null
2023-12-24 10:35:25,390 [WARN] PackLoader:240 - Cannot read IP mode file for STMicroelectronics.X-CUBE-NFC7.1.0.1
2023-12-24 10:35:25,394 [WARN] PackLoader:240 - Cannot read IP mode file for STMicroelectronics.X-CUBE-NFC7.1.0.0
2023-12-24 10:35:25,400 [WARN] PackLoader:240 - Cannot read IP mode file for STMicroelectronics.X-CUBE-NFC6.3.0.0
2023-12-24 10:35:25,405 [WARN] PackLoader:240 - Cannot read IP mode file for STMicroelectronics.X-CUBE-EEPRMA1.4.1.0
2023-12-24 10:35:25,410 [WARN] PackLoader:240 - Cannot read IP mode file for STMicroelectronics.X-CUBE-AI.8.1.0
2023-12-24 10:35:25,422 [WARN] ConditionMgr:438 - getConditionDescription Invalid condition id : LAN8742 Phy interface Condition cause : null
2023-12-24 10:35:25,422 [WARN] PackLoader:240 - Cannot read IP mode file for STMicroelectronics.X-CUBE-AZRTOS-L4.2.0.0
2023-12-24 10:35:25,423 [WARN] ConditionMgr:1039 - genDependencies : Invalid condition id : LAN8742 Phy interface Condition cause : null
2023-12-24 10:35:25,423 [WARN] ConditionMgr:1039 - genDependencies : Invalid condition id : LAN8742 Phy interface Condition cause : null
2023-12-24 10:35:25,424 [WARN] ConditionMgr:1039 - genDependencies : Invalid condition id : LAN8742 Phy interface Condition cause : null
2023-12-24 10:35:25,429 [WARN] PackLoader:240 - Cannot read IP mode file for STMicroelectronics.X-CUBE-SFXS2LP1.4.0.0
2023-12-24 10:35:25,433 [WARN] PackLoader:240 - Cannot read IP mode file for STMicroelectronics.X-CUBE-ISPU.1.1.0
2023-12-24 10:35:25,435 [WARN] PackLoader:240 - Cannot read IP mode file for STMicroelectronics.X-CUBE-AI.8.0.0
2023-12-24 10:35:25,443 [WARN] ConditionMgr:438 - getConditionDescription Invalid condition id : UX DEVICE CLASS RTOS Condition cause : null
2023-12-24 10:35:25,444 [WARN] ConditionMgr:438 - getConditionDescription Invalid condition id : UX DEVICE CLASS RTOS Condition cause : null
2023-12-24 10:35:25,445 [WARN] PackLoader:240 - Cannot read IP mode file for STMicroelectronics.X-CUBE-AZRTOS-WB.2.0.0
2023-12-24 10:35:25,446 [WARN] ConditionMgr:1039 - genDependencies : Invalid condition id : UX DEVICE CLASS RTOS Condition cause : null
2023-12-24 10:35:25,446 [WARN] ConditionMgr:1039 - genDependencies : Invalid condition id : UX DEVICE CLASS RTOS Condition cause : null
2023-12-24 10:35:25,446 [WARN] ConditionMgr:1039 - genDependencies : Invalid condition id : UX DEVICE CLASS RTOS Condition cause : null
2023-12-24 10:35:25,447 [WARN] ConditionMgr:1039 - genDependencies : Invalid condition id : UX DEVICE CLASS RTOS Condition cause : null
2023-12-24 10:35:25,447 [WARN] ConditionMgr:1039 - genDependencies : Invalid condition id : UX DEVICE CLASS RTOS Condition cause : null
2023-12-24 10:35:25,450 [WARN] PackLoader:240 - Cannot read IP mode file for STMicroelectronics.X-CUBE-FREERTOS.1.0.1
2023-12-24 10:35:25,460 [WARN] PackLoader:240 - Cannot read IP mode file for STMicroelectronics.X-CUBE-AZRTOS-L5.1.1.0
2023-12-24 10:35:25,464 [WARN] PackLoader:240 - Cannot read IP mode file for STMicroelectronics.X-CUBE-AI.8.0.1
2023-12-24 10:35:25,470 [WARN] PackLoader:240 - Cannot read IP mode file for STMicroelectronics.X-CUBE-SUBG2.5.0.0
2023-12-24 10:35:25,480 [WARN] PackLoader:240 - Cannot read IP mode file for STMicroelectronics.X-CUBE-TOF1.3.3.1
2023-12-24 10:35:25,494 [WARN] PackLoader:240 - Cannot read IP mode file for STMicroelectronics.X-CUBE-AZRTOS-G4.2.0.0
2023-12-24 10:35:25,502 [WARN] PackLoader:240 - Cannot read IP mode file for STMicroelectronics.X-CUBE-TOF1.3.3.0
2023-12-24 10:35:25,514 [WARN] PackLoader:240 - Cannot read IP mode file for Infineon.AIROC-Wi-Fi-Bluetooth-STM32.1.5.1
2023-12-24 10:35:25,519 [WARN] PackLoader:240 - Cannot read IP mode file for STMicroelectronics.FP-SNS-MOTENVWB1.1.3.0
2023-12-24 10:35:25,521 [WARN] PackLoader:240 - Cannot read IP mode file for STMicroelectronics.FP-SNS-MOTENVWB1.1.3.1
2023-12-24 10:35:25,531 [WARN] PackLoader:240 - Cannot read IP mode file for STMicroelectronics.X-CUBE-AZRTOS-L4.1.0.0
2023-12-24 10:35:25,535 [WARN] PackLoader:240 - Cannot read IP mode file for STMicroelectronics.X-CUBE-ISPU.2.0.0
2023-12-24 10:35:25,561 [WARN] PackLoader:240 - Cannot read IP mode file for STMicroelectronics.X-CUBE-MEMS1.10.0.0
2023-12-24 10:35:25,628 [WARN] PackLoader:240 - Cannot read IP mode file for STMicroelectronics.X-CUBE-FREERTOS.1.1.0
2023-12-24 10:35:25,632 [WARN] PackLoader:240 - Cannot read IP mode file for STMicroelectronics.X-CUBE-AZRTOS-WL.1.0.0
2023-12-24 10:35:25,635 [WARN] PackLoader:240 - Cannot read IP mode file for portGmbH.I-Cube-SoM-uGOAL.1.1.0
2023-12-24 10:35:25,637 [WARN] PackLoader:240 - Cannot read IP mode file for STMicroelectronics.X-CUBE-ALS.1.0.1
2023-12-24 10:35:25,642 [WARN] PackLoader:240 - Cannot read IP mode file for STMicroelectronics.X-CUBE-AZRTOS-WB.1.1.0
2023-12-24 10:35:25,644 [WARN] PackLoader:240 - Cannot read IP mode file for STMicroelectronics.FP-ATR-ASTRA1.2.0.0
2023-12-24 10:35:25,648 [WARN] PackLoader:240 - Cannot read IP mode file for STMicroelectronics.X-CUBE-TOF1.3.4.0
2023-12-24 10:35:25,659 [WARN] PackLoader:240 - Cannot read IP mode file for STMicroelectronics.X-CUBE-AZRTOS-H7.3.2.0
2023-12-24 10:35:25,661 [INFO] ThirdParty:978 - Integrity check success = true
2023-12-24 10:35:25,661 [INFO] IntegrityCheckThread:100 - exiting critical section [integrity check]
2023-12-24 10:35:25,661 [INFO] IntegrityCheckThread:103 - End integrity checks thread
2023-12-24 10:35:44,526 [ERROR] LogOutputStream:75 - [STDERR_REDIRECT] Dec 24, 2023 10:35:44 AM java.util.prefs.FileSystemPreferences checkLockFile0ErrorCode
2023-12-24 10:35:44,527 [ERROR] LogOutputStream:75 - [STDERR_REDIRECT] WARNING: Could not lock System prefs. Unix error code 32533.
2023-12-24 10:35:44,527 [ERROR] LogOutputStream:75 - [STDERR_REDIRECT] 
2023-12-24 10:35:44,528 [ERROR] LogOutputStream:75 - [STDERR_REDIRECT] Dec 24, 2023 10:35:44 AM java.util.prefs.FileSystemPreferences syncWorld
2023-12-24 10:35:44,528 [ERROR] LogOutputStream:75 - [STDERR_REDIRECT] WARNING: Couldn't flush system prefs: java.util.prefs.BackingStoreException: Couldn't get file lock.
2023-12-24 10:35:44,528 [ERROR] LogOutputStream:75 - [STDERR_REDIRECT] 
2023-12-24 10:35:44,543 [ERROR] LogOutputStream:75 - [STDERR_REDIRECT] SLF4J: Failed to load class "org.slf4j.impl.StaticLoggerBinder".
2023-12-24 10:35:44,543 [ERROR] LogOutputStream:75 - [STDERR_REDIRECT] SLF4J: Defaulting to no-operation (NOP) logger implementation
2023-12-24 10:35:44,543 [ERROR] LogOutputStream:75 - [STDERR_REDIRECT] SLF4J: See http://www.slf4j.org/codes.html#StaticLoggerBinder for further details.
2023-12-24 10:36:14,517 [ERROR] LogOutputStream:75 - [STDERR_REDIRECT] Dec 24, 2023 10:36:14 AM java.util.prefs.FileSystemPreferences checkLockFile0ErrorCode
2023-12-24 10:36:14,517 [ERROR] LogOutputStream:75 - [STDERR_REDIRECT] WARNING: Could not lock System prefs. Unix error code 32533.
2023-12-24 10:36:14,517 [ERROR] LogOutputStream:75 - [STDERR_REDIRECT] 
2023-12-24 10:36:14,517 [ERROR] LogOutputStream:75 - [STDERR_REDIRECT] Dec 24, 2023 10:36:14 AM java.util.prefs.FileSystemPreferences syncWorld
2023-12-24 10:36:14,517 [ERROR] LogOutputStream:75 - [STDERR_REDIRECT] WARNING: Couldn't flush system prefs: java.util.prefs.BackingStoreException: Couldn't get file lock.
2023-12-24 10:36:14,518 [ERROR] LogOutputStream:75 - [STDERR_REDIRECT] 
2023-12-24 10:36:44,517 [ERROR] LogOutputStream:75 - [STDERR_REDIRECT] Dec 24, 2023 10:36:44 AM java.util.prefs.FileSystemPreferences checkLockFile0ErrorCode
2023-12-24 10:36:44,517 [ERROR] LogOutputStream:75 - [STDERR_REDIRECT] WARNING: Could not lock System prefs. Unix error code 32533.
2023-12-24 10:36:44,517 [ERROR] LogOutputStream:75 - [STDERR_REDIRECT] 
2023-12-24 10:36:44,518 [ERROR] LogOutputStream:75 - [STDERR_REDIRECT] Dec 24, 2023 10:36:44 AM java.util.prefs.FileSystemPreferences syncWorld
2023-12-24 10:36:44,518 [ERROR] LogOutputStream:75 - [STDERR_REDIRECT] WARNING: Couldn't flush system prefs: java.util.prefs.BackingStoreException: Couldn't get file lock.
2023-12-24 10:36:44,518 [ERROR] LogOutputStream:75 - [STDERR_REDIRECT] 
2023-12-24 10:37:14,517 [ERROR] LogOutputStream:75 - [STDERR_REDIRECT] Dec 24, 2023 10:37:14 AM java.util.prefs.FileSystemPreferences checkLockFile0ErrorCode
2023-12-24 10:37:14,517 [ERROR] LogOutputStream:75 - [STDERR_REDIRECT] WARNING: Could not lock System prefs. Unix error code 32533.
2023-12-24 10:37:14,517 [ERROR] LogOutputStream:75 - [STDERR_REDIRECT] 
2023-12-24 10:37:14,517 [ERROR] LogOutputStream:75 - [STDERR_REDIRECT] Dec 24, 2023 10:37:14 AM java.util.prefs.FileSystemPreferences syncWorld
2023-12-24 10:37:14,518 [ERROR] LogOutputStream:75 - [STDERR_REDIRECT] WARNING: Couldn't flush system prefs: java.util.prefs.BackingStoreException: Couldn't get file lock.
2023-12-24 10:37:14,518 [ERROR] LogOutputStream:75 - [STDERR_REDIRECT] 
2023-12-24 10:37:44,448 [ERROR] LogOutputStream:75 - [STDERR_REDIRECT] 
2023-12-24 10:38:21,180 [INFO] Activator:176 - 


2023-12-24 10:38:21,181 [INFO] Activator:177 - !SESSION log4j initialized
2023-12-24 10:38:22,332 [INFO] LogOutputStream:77 - [STDOUT_REDIRECT] 
2023-12-24 10:38:24,072 [INFO] ApplicationProperties:184 - Using Application install path: /opt/stm32cubeide/plugins/com.st.stm32cube.common.mx_6.10.0.202311202037
2023-12-24 10:38:24,083 [INFO] DbMcusXml:78 - Set database path to: /opt/stm32cubeide/plugins/com.st.stm32cube.common.mx_6.10.0.202311202037//db//mcu/
2023-12-24 10:38:24,083 [INFO] ApiDb:274 - Set plugin database path to: /opt/stm32cubeide/plugins/com.st.stm32cube.common.mx_6.10.0.202311202037//db//plugins/boardmanager/
2023-12-24 10:38:24,084 [WARN] ApiDb:259 - Overriding images path with different value:  => /opt/stm32cubeide/plugins/com.st.stm32cube.common.mx_6.10.0.202311202037//db//plugins/mcufinder/images/
2023-12-24 10:38:24,086 [INFO] ApiDb:250 - Set database path to: /home/hussein/.stmcufinder/plugins/mcufinder//mcu/
2023-12-24 10:38:24,087 [INFO] DbMcusAds:125 - Set database path to: /home/hussein/.stmcufinder/plugins/mcufinder//mcu/
2023-12-24 10:38:25,089 [INFO] CrossReferenceDbSqlite:203 - Set database path to: /home/hussein/.stmcufinder/plugins/mcufinder//mcu/cs/
2023-12-24 10:38:25,158 [INFO] RulesReader:64 - Compatibility file has been processed (297 Rules)
2023-12-24 10:38:25,201 [INFO] DbMcusXml:78 - Set database path to: /opt/stm32cubeide/plugins/com.st.stm32cube.common.mx_6.10.0.202311202037//db//mcu/
2023-12-24 10:38:25,201 [INFO] ApiDb:274 - Set plugin database path to: /opt/stm32cubeide/plugins/com.st.stm32cube.common.mx_6.10.0.202311202037//db//plugins/boardmanager/
2023-12-24 10:38:25,201 [INFO] ApiDb:261 - Set plugin images path to: /opt/stm32cubeide/plugins/com.st.stm32cube.common.mx_6.10.0.202311202037//db//plugins/mcufinder/images/
2023-12-24 10:38:25,201 [WARN] DbFile:41 - Overriding database path with different value: /home/hussein/.stmcufinder/plugins/mcufinder/ => /home/hussein/.stmcufinder/plugins/mcufinder
2023-12-24 10:38:25,201 [INFO] ApiDb:250 - Set database path to: /home/hussein/.stmcufinder/plugins/mcufinder//mcu/
2023-12-24 10:38:25,201 [WARN] DbFile:41 - Overriding database path with different value: /home/hussein/.stmcufinder/plugins/mcufinder/ => /home/hussein/.stmcufinder/plugins/mcufinder
2023-12-24 10:38:25,201 [INFO] DbMcusAds:125 - Set database path to: /home/hussein/.stmcufinder/plugins/mcufinder//mcu/
2023-12-24 10:38:25,202 [WARN] DbFile:41 - Overriding database path with different value: /home/hussein/.stmcufinder/plugins/mcufinder/ => /home/hussein/.stmcufinder/plugins/mcufinder
2023-12-24 10:38:25,202 [WARN] DbFile:41 - Overriding database path with different value: /home/hussein/.stmcufinder/plugins/mcufinder/ => /home/hussein/.stmcufinder/plugins/mcufinder
2023-12-24 10:38:26,203 [INFO] CrossReferenceDbSqlite:203 - Set database path to: /home/hussein/.stmcufinder/plugins/mcufinder//mcu/cs/
2023-12-24 10:38:26,243 [INFO] MainPanel:264 - HeapMemory: 268435456
2023-12-24 10:38:26,292 [INFO] DbMcusXml:78 - Set database path to: /opt/stm32cubeide/plugins/com.st.stm32cube.common.mx_6.10.0.202311202037//db//mcu/
2023-12-24 10:38:26,292 [INFO] ApiDb:274 - Set plugin database path to: /opt/stm32cubeide/plugins/com.st.stm32cube.common.mx_6.10.0.202311202037//db//plugins/boardmanager/
2023-12-24 10:38:26,293 [INFO] ApiDb:261 - Set plugin images path to: /opt/stm32cubeide/plugins/com.st.stm32cube.common.mx_6.10.0.202311202037//db//plugins/mcufinder/images/
2023-12-24 10:38:26,293 [WARN] DbFile:41 - Overriding database path with different value: /home/hussein/.stmcufinder/plugins/mcufinder/ => /home/hussein/.stmcufinder/plugins/mcufinder
2023-12-24 10:38:26,293 [INFO] ApiDb:250 - Set database path to: /home/hussein/.stmcufinder/plugins/mcufinder//mcu/
2023-12-24 10:38:26,293 [WARN] DbFile:41 - Overriding database path with different value: /home/hussein/.stmcufinder/plugins/mcufinder/ => /home/hussein/.stmcufinder/plugins/mcufinder
2023-12-24 10:38:26,293 [INFO] DbMcusAds:125 - Set database path to: /home/hussein/.stmcufinder/plugins/mcufinder//mcu/
2023-12-24 10:38:26,293 [WARN] DbFile:41 - Overriding database path with different value: /home/hussein/.stmcufinder/plugins/mcufinder/ => /home/hussein/.stmcufinder/plugins/mcufinder
2023-12-24 10:38:26,293 [WARN] DbFile:41 - Overriding database path with different value: /home/hussein/.stmcufinder/plugins/mcufinder/ => /home/hussein/.stmcufinder/plugins/mcufinder
2023-12-24 10:38:27,295 [INFO] CrossReferenceDbSqlite:203 - Set database path to: /home/hussein/.stmcufinder/plugins/mcufinder//mcu/cs/
2023-12-24 10:38:27,305 [INFO] ApplicationProperties:184 - Using Application install path: /opt/stm32cubeide/plugins/com.st.stm32cube.common.mx_6.10.0.202311202037
2023-12-24 10:38:27,306 [INFO] PluginManage:196 - Search for loadable plugins [exclusion list=, ]
2023-12-24 10:38:27,307 [INFO] PluginManage:310 - Check plugin analytics
2023-12-24 10:38:28,404 [INFO] AnalyticsPlugin:253 - Accepted Software Licenses: 
2023-12-24 10:38:28,404 [INFO] AnalyticsPlugin:255 - Accepted CMSIS Pack Licenses: STMicroelectronics.X-CUBE-ALGOBUILD.1.3.0
2023-12-24 10:38:28,404 [INFO] AnalyticsPlugin:257 - Accepted Firmware Licenses: FW.F4.1.27.0,FW.F4.1.28.0
2023-12-24 10:38:28,407 [INFO] PluginManage:359 - Loaded plugin analytics (category:tool,tabindex:-1)
2023-12-24 10:38:28,407 [INFO] PluginManage:310 - Check plugin cadmodel
2023-12-24 10:38:28,422 [INFO] CADModel:105 - Init CAD model plugin
2023-12-24 10:38:28,422 [INFO] PluginManage:359 - Loaded plugin cadmodel (category:power,tabindex:5)
2023-12-24 10:38:28,422 [INFO] PluginManage:310 - Check plugin clock
2023-12-24 10:38:28,428 [INFO] PluginManage:359 - Loaded plugin clock (category:base,tabindex:2)
2023-12-24 10:38:28,428 [INFO] PluginManage:310 - Check plugin ddr
2023-12-24 10:38:28,429 [INFO] PluginManage:359 - Loaded plugin ddr (category:tool,tabindex:6)
2023-12-24 10:38:28,429 [INFO] PluginManage:310 - Check plugin filemanager
2023-12-24 10:38:28,514 [INFO] PluginManage:359 - Loaded plugin filemanager (category:base,tabindex:10)
2023-12-24 10:38:28,514 [INFO] PluginManage:310 - Check plugin ipmanager
2023-12-24 10:38:28,517 [INFO] PluginManage:359 - Loaded plugin ipmanager (category:base,tabindex:5)
2023-12-24 10:38:28,517 [INFO] PluginManage:310 - Check plugin lpbam
2023-12-24 10:38:28,522 [INFO] PluginManage:359 - Loaded plugin lpbam (category:base,tabindex:0)
2023-12-24 10:38:28,523 [INFO] PluginManage:310 - Check plugin memorymap
2023-12-24 10:38:28,529 [INFO] PluginManage:359 - Loaded plugin memorymap (category:base,tabindex:4)
2023-12-24 10:38:28,529 [INFO] PluginManage:310 - Check plugin pinoutandconfiguration
2023-12-24 10:38:28,533 [INFO] PluginManage:359 - Loaded plugin pinoutandconfiguration (category:base,tabindex:1)
2023-12-24 10:38:28,533 [INFO] PluginManage:310 - Check plugin pinoutconfig
2023-12-24 10:38:28,591 [WARN] SupportedApi:132 - Cannot load RTOS API schema: s4s-elt-must-match.1: The content of 'definitions' must match (annotation?, (simpleType | complexType)?, (unique | key | keyref)*)). A problem was found starting at: attribute.
2023-12-24 10:38:28,647 [INFO] PluginManage:359 - Loaded plugin pinoutconfig (category:base,tabindex:0)
2023-12-24 10:38:28,648 [INFO] PluginManage:310 - Check plugin power
2023-12-24 10:38:28,651 [INFO] PluginManage:359 - Loaded plugin power (category:power,tabindex:4)
2023-12-24 10:38:28,651 [INFO] PluginManage:310 - Check plugin projectmanager
2023-12-24 10:38:28,673 [INFO] PluginManage:359 - Loaded plugin projectmanager (category:projectmanager,tabindex:3)
2023-12-24 10:38:28,673 [INFO] PluginManage:310 - Check plugin thirdparty
2023-12-24 10:38:28,755 [INFO] PluginManage:359 - Loaded plugin thirdparty (category:base,tabindex:-1)
2023-12-24 10:38:28,755 [INFO] PluginManage:310 - Check plugin tools
2023-12-24 10:38:28,755 [WARN] IntegrityCheckThread:84 - waiting for thirdparty lock release [integrity check]
2023-12-24 10:38:28,755 [INFO] IntegrityCheckThread:86 - entering critical section [integrity check]
2023-12-24 10:38:28,755 [INFO] ThirdPartyUpdaterWithRetryManager:70 - Updater plugin not ready yet. [1/15]
2023-12-24 10:38:28,756 [INFO] PluginManage:359 - Loaded plugin tools (category:base,tabindex:7)
2023-12-24 10:38:28,756 [INFO] PluginManage:310 - Check plugin tutovideos
2023-12-24 10:38:28,827 [INFO] PluginManage:359 - Loaded plugin tutovideos (category:base,tabindex:-1)
2023-12-24 10:38:28,828 [INFO] PluginManage:310 - Check plugin updater
2023-12-24 10:38:28,832 [INFO] PluginManage:359 - Loaded plugin updater (category:base,tabindex:12)
2023-12-24 10:38:28,832 [INFO] PluginManage:310 - Check plugin userauth
2023-12-24 10:38:28,835 [INFO] UserAuth:114 - Init User Auth plugin
2023-12-24 10:38:28,835 [INFO] PluginManage:359 - Loaded plugin userauth (category:base,tabindex:14)
2023-12-24 10:38:28,835 [INFO] PluginManage:283 - PluginManage : Loaded plugins [17]
2023-12-24 10:38:28,906 [INFO] PinOutPanel:1499 - setPackage(No Configuration,No Configuration)
2023-12-24 10:38:28,929 [INFO] CADModel:165 - CPN selected for project level
2023-12-24 10:38:28,929 [INFO] CADModel:114 - Register for checkConnection events
2023-12-24 10:38:28,935 [INFO] IPUIPlugin:80 - create IPUIPlugin
2023-12-24 10:38:28,935 [INFO] PluginManager:220 - loadIPPluginJar : add fmc
2023-12-24 10:38:28,936 [INFO] IPUIPlugin:80 - create IPUIPlugin
2023-12-24 10:38:28,936 [INFO] PluginManager:220 - loadIPPluginJar : add dma3
2023-12-24 10:38:28,937 [INFO] IPUIPlugin:80 - create IPUIPlugin
2023-12-24 10:38:28,937 [INFO] PluginManager:220 - loadIPPluginJar : add usart
2023-12-24 10:38:28,938 [INFO] IPUIPlugin:80 - create IPUIPlugin
2023-12-24 10:38:28,938 [INFO] PluginManager:220 - loadIPPluginJar : add dfsdm
2023-12-24 10:38:28,938 [INFO] IPUIPlugin:80 - create IPUIPlugin
2023-12-24 10:38:28,938 [INFO] PluginManager:220 - loadIPPluginJar : add tsc
2023-12-24 10:38:28,939 [INFO] IPUIPlugin:80 - create IPUIPlugin
2023-12-24 10:38:28,939 [INFO] PluginManager:220 - loadIPPluginJar : add ucpd
2023-12-24 10:38:28,941 [INFO] IPUIPlugin:80 - create IPUIPlugin
2023-12-24 10:38:28,941 [INFO] PluginManager:220 - loadIPPluginJar : add dma
2023-12-24 10:38:28,942 [INFO] IPUIPlugin:80 - create IPUIPlugin
2023-12-24 10:38:28,942 [INFO] PluginManager:220 - loadIPPluginJar : add spi
2023-12-24 10:38:28,942 [INFO] IPUIPlugin:80 - create IPUIPlugin
2023-12-24 10:38:28,942 [INFO] PluginManager:220 - loadIPPluginJar : add ltdc
2023-12-24 10:38:28,945 [INFO] IPUIPlugin:80 - create IPUIPlugin
2023-12-24 10:38:28,945 [INFO] PluginManager:220 - loadIPPluginJar : add linkedlist
2023-12-24 10:38:28,946 [INFO] IPUIPlugin:80 - create IPUIPlugin
2023-12-24 10:38:28,946 [INFO] PluginManager:220 - loadIPPluginJar : add pdm2pcm
2023-12-24 10:38:28,947 [INFO] IPUIPlugin:80 - create IPUIPlugin
2023-12-24 10:38:28,947 [INFO] PluginManager:220 - loadIPPluginJar : add stm32_wpan
2023-12-24 10:38:28,949 [INFO] IPUIPlugin:80 - create IPUIPlugin
2023-12-24 10:38:28,949 [INFO] PluginManager:220 - loadIPPluginJar : add resmgrutility
2023-12-24 10:38:28,949 [INFO] IPUIPlugin:80 - create IPUIPlugin
2023-12-24 10:38:28,949 [INFO] PluginManager:220 - loadIPPluginJar : add i2c
2023-12-24 10:38:28,951 [INFO] IPUIPlugin:80 - create IPUIPlugin
2023-12-24 10:38:28,951 [INFO] PluginManager:220 - loadIPPluginJar : add gpio
2023-12-24 10:38:28,952 [INFO] IPUIPlugin:80 - create IPUIPlugin
2023-12-24 10:38:28,952 [INFO] PluginManager:220 - loadIPPluginJar : add nvic
2023-12-24 10:38:28,953 [INFO] IPUIPlugin:80 - create IPUIPlugin
2023-12-24 10:38:28,953 [INFO] PluginManager:220 - loadIPPluginJar : add sai
2023-12-24 10:38:28,954 [INFO] IPUIPlugin:80 - create IPUIPlugin
2023-12-24 10:38:28,954 [INFO] PluginManager:220 - loadIPPluginJar : add touchsensing
2023-12-24 10:38:28,955 [INFO] IPUIPlugin:80 - create IPUIPlugin
2023-12-24 10:38:28,955 [INFO] PluginManager:220 - loadIPPluginJar : add usbx
2023-12-24 10:38:28,955 [INFO] IPUIPlugin:80 - create IPUIPlugin
2023-12-24 10:38:28,955 [INFO] PluginManager:220 - loadIPPluginJar : add aes
2023-12-24 10:38:28,956 [INFO] IPUIPlugin:80 - create IPUIPlugin
2023-12-24 10:38:28,956 [INFO] PluginManager:220 - loadIPPluginJar : add tim
2023-12-24 10:38:28,956 [INFO] IPUIPlugin:80 - create IPUIPlugin
2023-12-24 10:38:28,957 [INFO] PluginManager:220 - loadIPPluginJar : add lorawan
2023-12-24 10:38:28,958 [INFO] IPUIPlugin:80 - create IPUIPlugin
2023-12-24 10:38:28,959 [INFO] PluginManager:220 - loadIPPluginJar : add plateformsettings
2023-12-24 10:38:28,960 [INFO] IPUIPlugin:80 - create IPUIPlugin
2023-12-24 10:38:28,960 [INFO] PluginManager:220 - loadIPPluginJar : add ts
2023-12-24 10:38:28,961 [INFO] IPUIPlugin:80 - create IPUIPlugin
2023-12-24 10:38:28,961 [INFO] PluginManager:220 - loadIPPluginJar : add ipddr
2023-12-24 10:38:28,962 [INFO] IPUIPlugin:80 - create IPUIPlugin
2023-12-24 10:38:28,962 [INFO] PluginManager:220 - loadIPPluginJar : add i2s
2023-12-24 10:38:28,962 [INFO] IPUIPlugin:80 - create IPUIPlugin
2023-12-24 10:38:28,962 [INFO] PluginManager:220 - loadIPPluginJar : add gfxmmu
2023-12-24 10:38:28,963 [INFO] IPUIPlugin:80 - create IPUIPlugin
2023-12-24 10:38:28,963 [INFO] PluginManager:220 - loadIPPluginJar : add hash
2023-12-24 10:38:28,964 [INFO] IPUIPlugin:80 - create IPUIPlugin
2023-12-24 10:38:28,964 [INFO] PluginManager:220 - loadIPPluginJar : add cryp
2023-12-24 10:38:28,964 [INFO] IPUIPlugin:80 - create IPUIPlugin
2023-12-24 10:38:28,964 [INFO] PluginManager:220 - loadIPPluginJar : add i3c
2023-12-24 10:38:28,965 [INFO] IPUIPlugin:80 - create IPUIPlugin
2023-12-24 10:38:28,965 [INFO] PluginManager:220 - loadIPPluginJar : add gtzc
2023-12-24 10:38:28,967 [INFO] IPUIPlugin:80 - create IPUIPlugin
2023-12-24 10:38:28,967 [INFO] PluginManager:220 - loadIPPluginJar : add freertos
2023-12-24 10:38:28,968 [INFO] IPUIPlugin:80 - create IPUIPlugin
2023-12-24 10:38:28,968 [INFO] PluginManager:220 - loadIPPluginJar : add tracer_emb
2023-12-24 10:38:28,968 [INFO] IPUIPlugin:80 - create IPUIPlugin
2023-12-24 10:38:28,968 [INFO] PluginManager:220 - loadIPPluginJar : add fatfs
2023-12-24 10:38:28,968 [INFO] IPUIPlugin:80 - create IPUIPlugin
2023-12-24 10:38:28,968 [INFO] PluginManager:220 - loadIPPluginJar : add comp
2023-12-24 10:38:28,970 [INFO] IPUIPlugin:80 - create IPUIPlugin
2023-12-24 10:38:28,970 [INFO] PluginManager:220 - loadIPPluginJar : add gic
2023-12-24 10:38:28,970 [INFO] IPUIPlugin:80 - create IPUIPlugin
2023-12-24 10:38:28,971 [INFO] PluginManager:220 - loadIPPluginJar : add genericplugin
2023-12-24 10:38:28,971 [INFO] IPUIPlugin:80 - create IPUIPlugin
2023-12-24 10:38:28,971 [INFO] PluginManager:220 - loadIPPluginJar : add openamp
2023-12-24 10:38:28,972 [INFO] IPUIPlugin:80 - create IPUIPlugin
2023-12-24 10:38:28,972 [INFO] PluginManager:220 - loadIPPluginJar : add quadspi
2023-12-24 10:38:28,972 [INFO] IPUIPlugin:80 - create IPUIPlugin
2023-12-24 10:38:28,972 [INFO] PluginManager:220 - loadIPPluginJar : add can
2023-12-24 10:38:28,973 [INFO] IPUIPlugin:80 - create IPUIPlugin
2023-12-24 10:38:28,973 [INFO] PluginManager:220 - loadIPPluginJar : add opamp
2023-12-24 10:38:28,975 [INFO] IPUIPlugin:80 - create IPUIPlugin
2023-12-24 10:38:28,975 [INFO] PluginManager:220 - loadIPPluginJar : add adc
2023-12-24 10:38:28,977 [INFO] IPUIPlugin:80 - create IPUIPlugin
2023-12-24 10:38:28,977 [INFO] PluginManager:220 - loadIPPluginJar : add mdma
2023-12-24 10:38:29,061 [INFO] CADModel:165 - CPN selected for project level
2023-12-24 10:38:29,061 [INFO] CADModel:114 - Register for checkConnection events
2023-12-24 10:38:29,061 [FATAL] Updater:308 - Updater called before beeing initialized
2023-12-24 10:38:29,061 [ERROR] CADModel:125 - Updater not yet initialized, retry later 
2023-12-24 10:38:29,117 [INFO] CADModel:165 - CPN selected for project level
2023-12-24 10:38:29,117 [INFO] CADModel:114 - Register for checkConnection events
2023-12-24 10:38:29,117 [FATAL] Updater:308 - Updater called before beeing initialized
2023-12-24 10:38:29,117 [ERROR] CADModel:125 - Updater not yet initialized, retry later 
2023-12-24 10:38:29,119 [FATAL] Updater:308 - Updater called before beeing initialized
2023-12-24 10:38:29,152 [FATAL] Updater:308 - Updater called before beeing initialized
2023-12-24 10:38:29,154 [INFO] DbMcusAds:53 - JSON generation date=Wed Nov 29 11:52:27 CET 2023 (1701255147349)
2023-12-24 10:38:29,154 [FATAL] Updater:308 - Updater called before beeing initialized
2023-12-24 10:38:29,170 [WARN] DetailPanel:346 - Failed to get advertising image, set to default
2023-12-24 10:38:29,215 [FATAL] Updater:308 - Updater called before beeing initialized
2023-12-24 10:38:29,216 [FATAL] Updater:308 - Updater called before beeing initialized
2023-12-24 10:38:29,216 [FATAL] Updater:308 - Updater called before beeing initialized
2023-12-24 10:38:29,216 [WARN] DetailPanel:346 - Failed to get advertising image, set to default
2023-12-24 10:38:29,216 [FATAL] Updater:308 - Updater called before beeing initialized
2023-12-24 10:38:29,230 [ERROR] Updater:1120 - MainUpdater not yet initialized. External WinMGr cannot be set.
2023-12-24 10:38:29,231 [INFO] Updater:1056 - Updater Version found : 6.10.0
2023-12-24 10:38:29,238 [INFO] ApplicationProperties:184 - Using Application install path: /opt/stm32cubeide/plugins/com.st.stm32cube.common.mx_6.10.0.202311202037
2023-12-24 10:38:29,244 [ERROR] LogOutputStream:75 - [STDERR_REDIRECT] Dec 24, 2023 10:38:29 AM java.util.prefs.FileSystemPreferences$2 run
2023-12-24 10:38:29,244 [ERROR] LogOutputStream:75 - [STDERR_REDIRECT] WARNING: Could not create system preferences directory. System preferences are unusable.
2023-12-24 10:38:29,244 [ERROR] LogOutputStream:75 - [STDERR_REDIRECT] 
2023-12-24 10:38:29,509 [INFO] MainUpdater:2873 - connection check result : 10
2023-12-24 10:38:29,509 [INFO] MainUpdater:290 - Updater Check For Update Now.
2023-12-24 10:38:29,510 [INFO] MicroXplorer:498 - Change Database Version : DB.6.0.100
2023-12-24 10:38:29,513 [INFO] McuFinderGlobals:63 - Set McuFinder mode to 2 (CubeIDE integrated)
2023-12-24 10:38:29,668 [INFO] CheckServerUpdateThread:120 - End of CheckServer Thread
2023-12-24 10:38:29,925 [INFO] UserAuth:404 - Internet connection configuration mode: 1
2023-12-24 10:38:29,934 [INFO] JxBrowserEngine:152 - Initiate JxBrowser Engine with user profile folder
2023-12-24 10:38:30,267 [INFO] WebApp:161 - Instantiating new browser for Auth
2023-12-24 10:38:30,875 [INFO] WebApp:780 - Register for checkConnection events
2023-12-24 10:38:30,875 [INFO] WebApp:414 - Apply proxy settings
2023-12-24 10:38:30,876 [INFO] WebApp:499 - Chromium requires no authentication
2023-12-24 10:38:30,879 [INFO] WebApp:442 - Direct internet connection detected
2023-12-24 10:38:30,933 [INFO] WebApp:192 - Starting web application
2023-12-24 10:38:30,933 [INFO] WebApp:544 - Web application path used /opt/stm32cubeide/plugins/com.st.stm32cube.common.mx_6.10.0.202311202037/db/plugins/mcufinder/reactClient1/index.html
2023-12-24 10:38:31,817 [WARN] PackLoader:240 - Cannot read IP mode file for STMicroelectronics.X-CUBE-SMBUS.2.1.0
2023-12-24 10:38:31,820 [WARN] PackLoader:240 - Cannot read IP mode file for STMicroelectronics.X-CUBE-TOUCHGFX.4.23.0
2023-12-24 10:38:31,831 [WARN] PackLoader:240 - Cannot read IP mode file for STMicroelectronics.X-CUBE-AZRTOS-F7.1.1.0
2023-12-24 10:38:31,835 [ERROR] RealEvaluatedCondition:428 - Found unsupported composite condition: GROUP='STM32_MetaDataManager' CLASS='Data Exchange'
2023-12-24 10:38:31,835 [ERROR] RealEvaluatedCondition:428 - Found unsupported composite condition: CLASS='Data Exchange' GROUP='STM32_MetaDataManager'
2023-12-24 10:38:31,836 [WARN] PackLoader:240 - Cannot read IP mode file for STMicroelectronics.FP-SNS-MOTENV1.4.3.0
2023-12-24 10:38:31,840 [WARN] PackLoader:240 - Cannot read IP mode file for STMicroelectronics.FP-SNS-MOTENV1.4.3.2
2023-12-24 10:38:31,842 [WARN] PackLoader:240 - Cannot read IP mode file for STMicroelectronics.FP-SNS-FLIGHT1.5.0.0
2023-12-24 10:38:31,844 [ERROR] RealEvaluatedCondition:428 - Found unsupported composite condition: GROUP='STM32_MetaDataManager' CLASS='Data Exchange'
2023-12-24 10:38:31,844 [ERROR] RealEvaluatedCondition:428 - Found unsupported composite condition: GROUP='STM32_MetaDataManager' CLASS='Data Exchange'
2023-12-24 10:38:31,845 [WARN] PackLoader:240 - Cannot read IP mode file for STMicroelectronics.FP-SNS-MOTENV1.4.3.1
2023-12-24 10:38:31,848 [WARN] PackLoader:240 - Cannot read IP mode file for STMicroelectronics.FP-SNS-FLIGHT1.5.0.1
2023-12-24 10:38:31,851 [WARN] PackLoader:240 - Cannot read IP mode file for STMicroelectronics.X-CUBE-BLE1.6.2.4
2023-12-24 10:38:31,854 [WARN] PackLoader:240 - Cannot read IP mode file for STMicroelectronics.FP-SNS-FLIGHT1.5.0.2
2023-12-24 10:38:31,858 [WARN] PackLoader:240 - Cannot read IP mode file for STMicroelectronics.X-CUBE-DISPLAY.3.0.0
2023-12-24 10:38:31,862 [WARN] PackLoader:240 - Cannot read IP mode file for STMicroelectronics.X-CUBE-BLE1.7.0.0
2023-12-24 10:38:31,864 [WARN] PackLoader:240 - Cannot read IP mode file for STMicroelectronics.X-CUBE-TOUCHGFX.4.22.0
2023-12-24 10:38:31,865 [WARN] PackLoader:240 - Cannot read IP mode file for STMicroelectronics.X-CUBE-TOUCHGFX.4.22.1
2023-12-24 10:38:31,867 [WARN] PackLoader:240 - Cannot read IP mode file for STMicroelectronics.FP-SNS-SMARTAG2.1.2.0
2023-12-24 10:38:31,872 [INFO] LogOutputStream:77 - [STDOUT_REDIRECT] 1 : Invalid condition id : UX_CORESTACK_Condition cause : null
2023-12-24 10:38:31,873 [INFO] LogOutputStream:77 - [STDOUT_REDIRECT] 1 : Invalid condition id : UX_CORESTACK_Condition cause : null
2023-12-24 10:38:31,873 [INFO] LogOutputStream:77 - [STDOUT_REDIRECT] 1 : Invalid condition id : UX_CORESTACK_Condition cause : null
2023-12-24 10:38:31,873 [INFO] LogOutputStream:77 - [STDOUT_REDIRECT] 1 : Invalid condition id : UX_CORESTACK_Condition cause : null
2023-12-24 10:38:31,873 [INFO] LogOutputStream:77 - [STDOUT_REDIRECT] 1 : Invalid condition id : UX_CORESTACK_Condition cause : null
2023-12-24 10:38:31,875 [WARN] PackLoader:240 - Cannot read IP mode file for STMicroelectronics.X-CUBE-AZRTOS-WL.2.0.0
2023-12-24 10:38:31,880 [WARN] PackLoader:240 - Cannot read IP mode file for WES.I-CUBE-Cesium.1.3.0
2023-12-24 10:38:31,881 [WARN] PackLoader:240 - Cannot read IP mode file for STMicroelectronics.X-CUBE-BLE2.3.3.0
2023-12-24 10:38:31,887 [WARN] PackLoader:240 - Cannot read IP mode file for STMicroelectronics.X-CUBE-TOUCHGFX.4.21.3
2023-12-24 10:38:31,888 [WARN] PackLoader:240 - Cannot read IP mode file for STMicroelectronics.X-CUBE-TOUCHGFX.4.21.4
2023-12-24 10:38:31,892 [WARN] PackLoader:240 - Cannot read IP mode file for STMicroelectronics.X-CUBE-ALGOBUILD.1.3.0
2023-12-24 10:38:31,943 [WARN] PackLoader:240 - Cannot read IP mode file for STMicroelectronics.X-CUBE-AZRTOS-G0.1.1.0
2023-12-24 10:38:31,946 [WARN] PackLoader:240 - Cannot read IP mode file for STMicroelectronics.X-CUBE-NFC4.3.0.0
2023-12-24 10:38:31,950 [WARN] PackLoader:240 - Cannot read IP mode file for STMicroelectronics.X-CUBE-BLEMGR.3.0.0
2023-12-24 10:38:31,952 [WARN] PackLoader:240 - Cannot read IP mode file for STMicroelectronics.FP-ATR-SIGFOX1.3.2.0
2023-12-24 10:38:31,965 [WARN] PackLoader:240 - Cannot read IP mode file for SEGGER.I-CUBE-embOS.1.3.1
2023-12-24 10:38:31,982 [WARN] PackLoader:240 - Cannot read IP mode file for STMicroelectronics.X-CUBE-GNSS1.6.0.0
2023-12-24 10:38:31,988 [WARN] PackLoader:240 - Cannot read IP mode file for STMicroelectronics.X-CUBE-AZRTOS-F4.1.1.0
2023-12-24 10:38:31,990 [WARN] PackLoader:240 - Cannot read IP mode file for wolfSSL.I-CUBE-wolfSSL.5.6.0
2023-12-24 10:38:31,996 [WARN] PackLoader:240 - Cannot read IP mode file for STMicroelectronics.X-CUBE-AZRTOS-L5.2.0.0
2023-12-24 10:38:32,019 [WARN] PackLoader:240 - Cannot read IP mode file for STMicroelectronics.X-CUBE-MEMS1.9.6.0
2023-12-24 10:38:32,072 [WARN] PackLoader:240 - Cannot read IP mode file for STMicroelectronics.X-CUBE-EEPRMA1.4.2.0
2023-12-24 10:38:32,074 [WARN] PackLoader:240 - Cannot read IP mode file for ITTIA_DB.I-CUBE-ITTIADB.8.8.0
2023-12-24 10:38:32,077 [WARN] PackLoader:240 - Cannot read IP mode file for emotas.I-CUBE-CANOPEN.1.1.3
2023-12-24 10:38:32,080 [WARN] PackLoader:240 - Cannot read IP mode file for STMicroelectronics.X-CUBE-BLEMGR.2.0.0
2023-12-24 10:38:32,087 [WARN] ConditionMgr:438 - getConditionDescription Invalid condition id : UX DEVICE CLASS RTOS Condition cause : null
2023-12-24 10:38:32,087 [WARN] ConditionMgr:438 - getConditionDescription Invalid condition id : UX DEVICE CLASS RTOS Condition cause : null
2023-12-24 10:38:32,088 [WARN] PackLoader:240 - Cannot read IP mode file for STMicroelectronics.X-CUBE-AZRTOS-H7.3.1.0
2023-12-24 10:38:32,088 [WARN] ConditionMgr:1039 - genDependencies : Invalid condition id : UX DEVICE CLASS RTOS Condition cause : null
2023-12-24 10:38:32,088 [WARN] ConditionMgr:1039 - genDependencies : Invalid condition id : UX DEVICE CLASS RTOS Condition cause : null
2023-12-24 10:38:32,089 [WARN] ConditionMgr:1039 - genDependencies : Invalid condition id : UX DEVICE CLASS RTOS Condition cause : null
2023-12-24 10:38:32,089 [WARN] ConditionMgr:1039 - genDependencies : Invalid condition id : UX DEVICE CLASS RTOS Condition cause : null
2023-12-24 10:38:32,089 [WARN] ConditionMgr:1039 - genDependencies : Invalid condition id : UX DEVICE CLASS RTOS Condition cause : null
2023-12-24 10:38:32,091 [WARN] PackLoader:240 - Cannot read IP mode file for STMicroelectronics.X-CUBE-NFC7.1.0.1
2023-12-24 10:38:32,094 [WARN] PackLoader:240 - Cannot read IP mode file for STMicroelectronics.X-CUBE-NFC7.1.0.0
2023-12-24 10:38:32,097 [WARN] PackLoader:240 - Cannot read IP mode file for STMicroelectronics.X-CUBE-NFC6.3.0.0
2023-12-24 10:38:32,104 [WARN] PackLoader:240 - Cannot read IP mode file for STMicroelectronics.X-CUBE-EEPRMA1.4.1.0
2023-12-24 10:38:32,108 [WARN] PackLoader:240 - Cannot read IP mode file for STMicroelectronics.X-CUBE-AI.8.1.0
2023-12-24 10:38:32,115 [WARN] ConditionMgr:438 - getConditionDescription Invalid condition id : LAN8742 Phy interface Condition cause : null
2023-12-24 10:38:32,116 [WARN] PackLoader:240 - Cannot read IP mode file for STMicroelectronics.X-CUBE-AZRTOS-L4.2.0.0
2023-12-24 10:38:32,116 [WARN] ConditionMgr:1039 - genDependencies : Invalid condition id : LAN8742 Phy interface Condition cause : null
2023-12-24 10:38:32,116 [WARN] ConditionMgr:1039 - genDependencies : Invalid condition id : LAN8742 Phy interface Condition cause : null
2023-12-24 10:38:32,117 [WARN] ConditionMgr:1039 - genDependencies : Invalid condition id : LAN8742 Phy interface Condition cause : null
2023-12-24 10:38:32,120 [WARN] PackLoader:240 - Cannot read IP mode file for STMicroelectronics.X-CUBE-SFXS2LP1.4.0.0
2023-12-24 10:38:32,123 [WARN] PackLoader:240 - Cannot read IP mode file for STMicroelectronics.X-CUBE-ISPU.1.1.0
2023-12-24 10:38:32,125 [WARN] PackLoader:240 - Cannot read IP mode file for STMicroelectronics.X-CUBE-AI.8.0.0
2023-12-24 10:38:32,131 [WARN] ConditionMgr:438 - getConditionDescription Invalid condition id : UX DEVICE CLASS RTOS Condition cause : null
2023-12-24 10:38:32,132 [WARN] ConditionMgr:438 - getConditionDescription Invalid condition id : UX DEVICE CLASS RTOS Condition cause : null
2023-12-24 10:38:32,133 [WARN] PackLoader:240 - Cannot read IP mode file for STMicroelectronics.X-CUBE-AZRTOS-WB.2.0.0
2023-12-24 10:38:32,133 [WARN] ConditionMgr:1039 - genDependencies : Invalid condition id : UX DEVICE CLASS RTOS Condition cause : null
2023-12-24 10:38:32,133 [WARN] ConditionMgr:1039 - genDependencies : Invalid condition id : UX DEVICE CLASS RTOS Condition cause : null
2023-12-24 10:38:32,133 [WARN] ConditionMgr:1039 - genDependencies : Invalid condition id : UX DEVICE CLASS RTOS Condition cause : null
2023-12-24 10:38:32,134 [WARN] ConditionMgr:1039 - genDependencies : Invalid condition id : UX DEVICE CLASS RTOS Condition cause : null
2023-12-24 10:38:32,134 [WARN] ConditionMgr:1039 - genDependencies : Invalid condition id : UX DEVICE CLASS RTOS Condition cause : null
2023-12-24 10:38:32,137 [WARN] PackLoader:240 - Cannot read IP mode file for STMicroelectronics.X-CUBE-FREERTOS.1.0.1
2023-12-24 10:38:32,143 [WARN] PackLoader:240 - Cannot read IP mode file for STMicroelectronics.X-CUBE-AZRTOS-L5.1.1.0
2023-12-24 10:38:32,147 [WARN] PackLoader:240 - Cannot read IP mode file for STMicroelectronics.X-CUBE-AI.8.0.1
2023-12-24 10:38:32,150 [WARN] PackLoader:240 - Cannot read IP mode file for STMicroelectronics.X-CUBE-SUBG2.5.0.0
2023-12-24 10:38:32,156 [WARN] PackLoader:240 - Cannot read IP mode file for STMicroelectronics.X-CUBE-TOF1.3.3.1
2023-12-24 10:38:32,165 [WARN] PackLoader:240 - Cannot read IP mode file for STMicroelectronics.X-CUBE-AZRTOS-G4.2.0.0
2023-12-24 10:38:32,171 [WARN] PackLoader:240 - Cannot read IP mode file for STMicroelectronics.X-CUBE-TOF1.3.3.0
2023-12-24 10:38:32,183 [WARN] PackLoader:240 - Cannot read IP mode file for Infineon.AIROC-Wi-Fi-Bluetooth-STM32.1.5.1
2023-12-24 10:38:32,188 [WARN] PackLoader:240 - Cannot read IP mode file for STMicroelectronics.FP-SNS-MOTENVWB1.1.3.0
2023-12-24 10:38:32,191 [WARN] PackLoader:240 - Cannot read IP mode file for STMicroelectronics.FP-SNS-MOTENVWB1.1.3.1
2023-12-24 10:38:32,200 [WARN] PackLoader:240 - Cannot read IP mode file for STMicroelectronics.X-CUBE-AZRTOS-L4.1.0.0
2023-12-24 10:38:32,209 [WARN] PackLoader:240 - Cannot read IP mode file for STMicroelectronics.X-CUBE-ISPU.2.0.0
2023-12-24 10:38:32,227 [WARN] PackLoader:240 - Cannot read IP mode file for STMicroelectronics.X-CUBE-MEMS1.10.0.0
2023-12-24 10:38:32,276 [WARN] PackLoader:240 - Cannot read IP mode file for STMicroelectronics.X-CUBE-FREERTOS.1.1.0
2023-12-24 10:38:32,280 [WARN] PackLoader:240 - Cannot read IP mode file for STMicroelectronics.X-CUBE-AZRTOS-WL.1.0.0
2023-12-24 10:38:32,283 [WARN] PackLoader:240 - Cannot read IP mode file for portGmbH.I-Cube-SoM-uGOAL.1.1.0
2023-12-24 10:38:32,285 [WARN] PackLoader:240 - Cannot read IP mode file for STMicroelectronics.X-CUBE-ALS.1.0.1
2023-12-24 10:38:32,296 [WARN] PackLoader:240 - Cannot read IP mode file for STMicroelectronics.X-CUBE-AZRTOS-WB.1.1.0
2023-12-24 10:38:32,300 [WARN] PackLoader:240 - Cannot read IP mode file for STMicroelectronics.FP-ATR-ASTRA1.2.0.0
2023-12-24 10:38:32,308 [WARN] PackLoader:240 - Cannot read IP mode file for STMicroelectronics.X-CUBE-TOF1.3.4.0
2023-12-24 10:38:32,328 [WARN] PackLoader:240 - Cannot read IP mode file for STMicroelectronics.X-CUBE-AZRTOS-H7.3.2.0
2023-12-24 10:38:32,330 [INFO] ThirdParty:978 - Integrity check success = true
2023-12-24 10:38:32,330 [INFO] IntegrityCheckThread:100 - exiting critical section [integrity check]
2023-12-24 10:38:32,330 [INFO] IntegrityCheckThread:103 - End integrity checks thread
2023-12-24 10:38:52,358 [ERROR] LogOutputStream:75 - [STDERR_REDIRECT] SLF4J: Failed to load class "org.slf4j.impl.StaticLoggerBinder".
2023-12-24 10:38:52,359 [ERROR] LogOutputStream:75 - [STDERR_REDIRECT] SLF4J: Defaulting to no-operation (NOP) logger implementation
2023-12-24 10:38:52,359 [ERROR] LogOutputStream:75 - [STDERR_REDIRECT] SLF4J: See http://www.slf4j.org/codes.html#StaticLoggerBinder for further details.
2023-12-24 10:38:52,870 [ERROR] LogOutputStream:75 - [STDERR_REDIRECT] Dec 24, 2023 10:38:52 AM java.util.prefs.FileSystemPreferences checkLockFile0ErrorCode
2023-12-24 10:38:52,871 [ERROR] LogOutputStream:75 - [STDERR_REDIRECT] WARNING: Could not lock System prefs. Unix error code 32662.
2023-12-24 10:38:52,871 [ERROR] LogOutputStream:75 - [STDERR_REDIRECT] 
2023-12-24 10:38:52,872 [ERROR] LogOutputStream:75 - [STDERR_REDIRECT] Dec 24, 2023 10:38:52 AM java.util.prefs.FileSystemPreferences syncWorld
2023-12-24 10:38:52,872 [ERROR] LogOutputStream:75 - [STDERR_REDIRECT] WARNING: Couldn't flush system prefs: java.util.prefs.BackingStoreException: Couldn't get file lock.
2023-12-24 10:38:52,872 [ERROR] LogOutputStream:75 - [STDERR_REDIRECT] 
2023-12-24 10:39:22,857 [ERROR] LogOutputStream:75 - [STDERR_REDIRECT] Dec 24, 2023 10:39:22 AM java.util.prefs.FileSystemPreferences checkLockFile0ErrorCode
2023-12-24 10:39:22,857 [ERROR] LogOutputStream:75 - [STDERR_REDIRECT] WARNING: Could not lock System prefs. Unix error code 32662.
2023-12-24 10:39:22,857 [ERROR] LogOutputStream:75 - [STDERR_REDIRECT] 
2023-12-24 10:39:22,858 [ERROR] LogOutputStream:75 - [STDERR_REDIRECT] Dec 24, 2023 10:39:22 AM java.util.prefs.FileSystemPreferences syncWorld
2023-12-24 10:39:22,859 [ERROR] LogOutputStream:75 - [STDERR_REDIRECT] WARNING: Couldn't flush system prefs: java.util.prefs.BackingStoreException: Couldn't get file lock.
2023-12-24 10:39:22,859 [ERROR] LogOutputStream:75 - [STDERR_REDIRECT] 
2023-12-24 10:39:52,856 [ERROR] LogOutputStream:75 - [STDERR_REDIRECT] Dec 24, 2023 10:39:52 AM java.util.prefs.FileSystemPreferences checkLockFile0ErrorCode
2023-12-24 10:39:52,856 [ERROR] LogOutputStream:75 - [STDERR_REDIRECT] WARNING: Could not lock System prefs. Unix error code 32662.
2023-12-24 10:39:52,857 [ERROR] LogOutputStream:75 - [STDERR_REDIRECT] 
2023-12-24 10:39:52,857 [ERROR] LogOutputStream:75 - [STDERR_REDIRECT] Dec 24, 2023 10:39:52 AM java.util.prefs.FileSystemPreferences syncWorld
2023-12-24 10:39:52,857 [ERROR] LogOutputStream:75 - [STDERR_REDIRECT] WARNING: Couldn't flush system prefs: java.util.prefs.BackingStoreException: Couldn't get file lock.
2023-12-24 10:39:52,857 [ERROR] LogOutputStream:75 - [STDERR_REDIRECT] 
2023-12-24 10:40:06,336 [ERROR] LogOutputStream:75 - [STDERR_REDIRECT] 
